<?xml version="1.0" encoding="UTF-8"?>
<!-- Generated by org.testng.reporters.JUnitXMLReporter -->
<testsuite hostname="hp" ignored="0" name="Default test" tests="6" failures="0" timestamp="21 Aug 2020 16:17:32 GMT" time="28.141" errors="0">
  <testcase name="homePage" time="6.01" classname="firstproject.tests.LoginTest"/>
  <testcase name="homePage" time="3.104" classname="firstproject.tests.LoginTest"/>
  <testcase name="homePage" time="2.738" classname="firstproject.tests.LoginTest"/>
  <testcase name="homePage" time="2.849" classname="firstproject.tests.LoginTest"/>
  <testcase name="homePage" time="3.341" classname="firstproject.tests.LoginTest"/>
  <testcase name="homePage" time="3.641" classname="firstproject.tests.LoginTest"/>
</testsuite> <!-- Default test -->
