<?xml version="1.0" encoding="UTF-8"?>
<testng-results skipped="0" failed="0" ignored="0" total="1" passed="1">
  <reporter-output>
  </reporter-output>
  <suite name="Default suite" duration-ms="13206" started-at="2020-08-21T19:31:56Z" finished-at="2020-08-21T19:32:09Z">
    <groups>
    </groups>
    <test name="Default test" duration-ms="13206" started-at="2020-08-21T19:31:56Z" finished-at="2020-08-21T19:32:09Z">
      <class name="firstproject.tests.ValidateHomePageTitle">
        <test-method status="PASS" signature="beforeTest()[pri:0, instance:firstproject.tests.ValidateHomePageTitle@4b2bac3f]" name="beforeTest" is-config="true" duration-ms="12029" started-at="2020-08-22T01:01:56Z" finished-at="2020-08-22T01:02:08Z">
          <reporter-output>
          </reporter-output>
        </test-method> <!-- beforeTest -->
        <test-method status="PASS" signature="validateTitle()[pri:0, instance:firstproject.tests.ValidateHomePageTitle@4b2bac3f]" name="validateTitle" duration-ms="86" started-at="2020-08-22T01:02:08Z" finished-at="2020-08-22T01:02:08Z">
          <reporter-output>
          </reporter-output>
        </test-method> <!-- validateTitle -->
        <test-method status="PASS" signature="afterTest()[pri:0, instance:firstproject.tests.ValidateHomePageTitle@4b2bac3f]" name="afterTest" is-config="true" duration-ms="1033" started-at="2020-08-22T01:02:08Z" finished-at="2020-08-22T01:02:09Z">
          <reporter-output>
          </reporter-output>
        </test-method> <!-- afterTest -->
      </class> <!-- firstproject.tests.ValidateHomePageTitle -->
    </test> <!-- Default test -->
  </suite> <!-- Default suite -->
</testng-results>
